Sencha Cmd 7.3.1.27 - Crash report
================================================
An error occurred while executing the following command: -v

Diagnostic information:
=======================
                          cmd.config.dir : /home/beb4ch/bin/Sencha/Cmd/7.3.1.27              
                                 cmd.dir : /home/beb4ch/bin/Sencha/Cmd/7.3.1.27              
              cmd.merge.tool.args.araxis : -wait -merge -3 -a1 {base} {user} {generated} {out}
              cmd.merge.tool.args.kdiff3 : {base} {user} {generated} -o {out}                
             cmd.merge.tool.args.p4merge : {base} {user} {generated} {out}                   
           cmd.merge.tool.args.smartsync : {user} {generated} {base}                         
          cmd.merge.tool.args.sourcegear : --merge --result={out} {user} {base} {generated}  
            cmd.merge.tool.args.tortoise : -base:{base} -theirs:{generated} -mine:{user} -merged:{out}
                              cmd.minver : 3.0.0.0                                           
                            cmd.platform : linux-x64                                         
                     cmd.unicode.escapes : /home/beb4ch/bin/Sencha/Cmd/7.3.1.27/unicode-escapes.json
                             cmd.version : 7.3.1.27                                          
                            cmd.web.port : 1841                                              
                       inspector.address : http://localhost:1839/                            
                          repo.local.dir : /home/beb4ch/bin/Sencha/Cmd/repo                  
                       shared.sencha.dir : false                                             
        system.java.net.useSystemProxies : true                                              

Exception information:
=======================
No such property : v
     at com.sencha.cli.AbstractCommand$Properties.getProperty(AbstractCommand.java:444)
     at com.sencha.cli.AbstractCommand.parseConfigParam(AbstractCommand.java:468)
     at com.sencha.cli.AbstractCommand.processConfigParam(AbstractCommand.java:518)
     at com.sencha.cli.AbstractCommand.configure(AbstractCommand.java:114)
     at com.sencha.command.Sencha.main(Sencha.java:135)
     at java.base/jdk.internal.reflect.NativeMethodAccessorImpl.invoke0(Native Method)
     at java.base/jdk.internal.reflect.NativeMethodAccessorImpl.invoke(NativeMethodAccessorImpl.java:62)
     at java.base/jdk.internal.reflect.DelegatingMethodAccessorImpl.invoke(DelegatingMethodAccessorImpl.java:43)
     at java.base/java.lang.reflect.Method.invoke(Method.java:566)
     at com.exe4j.runtime.LauncherEngine.launch(LauncherEngine.java:84)
     at com.install4j.runtime.launcher.UnixLauncher.start(UnixLauncher.java:66)
     at install4j.com.sencha.command.Sencha.main(Unknown Source)

